{"/home/sims08/Desktop/inverted-index/jasmine/spec/inverted-index-spec.js":{"path":"/home/sims08/Desktop/inverted-index/jasmine/spec/inverted-index-spec.js","s":{"1":1,"2":1,"3":0,"4":0,"5":0,"6":0,"7":0,"8":0,"9":0,"10":0,"11":0,"12":0,"13":0,"14":0,"15":0,"16":0,"17":0,"18":0,"19":0,"20":0,"21":0,"22":0,"23":0,"24":0,"25":0,"26":0,"27":0,"28":0,"29":0,"30":0,"31":0,"32":0,"33":0,"34":0,"35":0,"36":0,"37":0,"38":0,"39":0,"40":0,"41":0,"42":0,"43":0,"44":0,"45":0,"46":0,"47":0,"48":0,"49":0,"50":0,"51":0},"b":{"1":[0,0],"2":[0,0],"3":[0,0],"4":[0,0],"5":[0,0],"6":[0,0],"7":[0,0]},"f":{"1":0,"2":0,"3":0,"4":0,"5":0,"6":0,"7":0,"8":0,"9":0,"10":0,"11":0,"12":0,"13":0,"14":0,"15":0,"16":0,"17":0,"18":0},"fnMap":{"1":{"name":"(anonymous_1)","line":17,"loc":{"start":{"line":17,"column":27},"end":{"line":17,"column":38}}},"2":{"name":"(anonymous_2)","line":18,"loc":{"start":{"line":18,"column":53},"end":{"line":18,"column":65}}},"3":{"name":"(anonymous_3)","line":22,"loc":{"start":{"line":22,"column":65},"end":{"line":22,"column":77}}},"4":{"name":"(anonymous_4)","line":23,"loc":{"start":{"line":23,"column":26},"end":{"line":23,"column":45}}},"5":{"name":"(anonymous_5)","line":32,"loc":{"start":{"line":32,"column":27},"end":{"line":32,"column":39}}},"6":{"name":"(anonymous_6)","line":35,"loc":{"start":{"line":35,"column":14},"end":{"line":35,"column":26}}},"7":{"name":"(anonymous_7)","line":39,"loc":{"start":{"line":39,"column":83},"end":{"line":39,"column":95}}},"8":{"name":"(anonymous_8)","line":45,"loc":{"start":{"line":45,"column":32},"end":{"line":45,"column":55}}},"9":{"name":"(anonymous_9)","line":60,"loc":{"start":{"line":60,"column":101},"end":{"line":60,"column":113}}},"10":{"name":"(anonymous_10)","line":63,"loc":{"start":{"line":63,"column":38},"end":{"line":63,"column":58}}},"11":{"name":"(anonymous_11)","line":64,"loc":{"start":{"line":64,"column":64},"end":{"line":64,"column":82}}},"12":{"name":"(anonymous_12)","line":65,"loc":{"start":{"line":65,"column":76},"end":{"line":65,"column":92}}},"13":{"name":"(anonymous_13)","line":86,"loc":{"start":{"line":86,"column":25},"end":{"line":86,"column":37}}},"14":{"name":"(anonymous_14)","line":93,"loc":{"start":{"line":93,"column":15},"end":{"line":93,"column":27}}},"15":{"name":"(anonymous_15)","line":97,"loc":{"start":{"line":97,"column":28},"end":{"line":97,"column":51}}},"16":{"name":"(anonymous_16)","line":107,"loc":{"start":{"line":107,"column":149},"end":{"line":107,"column":161}}},"17":{"name":"(anonymous_17)","line":111,"loc":{"start":{"line":111,"column":43},"end":{"line":111,"column":66}}},"18":{"name":"(anonymous_18)","line":118,"loc":{"start":{"line":118,"column":38},"end":{"line":118,"column":54}}}},"statementMap":{"1":{"start":{"line":3,"column":0},"end":{"line":13,"column":2}},"2":{"start":{"line":17,"column":0},"end":{"line":28,"column":3}},"3":{"start":{"line":18,"column":4},"end":{"line":20,"column":7}},"4":{"start":{"line":19,"column":8},"end":{"line":19,"column":48}},"5":{"start":{"line":22,"column":4},"end":{"line":27,"column":7}},"6":{"start":{"line":23,"column":8},"end":{"line":26,"column":10}},"7":{"start":{"line":24,"column":12},"end":{"line":24,"column":68}},"8":{"start":{"line":25,"column":12},"end":{"line":25,"column":67}},"9":{"start":{"line":32,"column":0},"end":{"line":80,"column":3}},"10":{"start":{"line":33,"column":4},"end":{"line":33,"column":22}},"11":{"start":{"line":35,"column":4},"end":{"line":37,"column":7}},"12":{"start":{"line":36,"column":8},"end":{"line":36,"column":26}},"13":{"start":{"line":39,"column":4},"end":{"line":58,"column":7}},"14":{"start":{"line":40,"column":8},"end":{"line":43,"column":9}},"15":{"start":{"line":45,"column":8},"end":{"line":57,"column":10}},"16":{"start":{"line":46,"column":12},"end":{"line":53,"column":13}},"17":{"start":{"line":47,"column":16},"end":{"line":47,"column":54}},"18":{"start":{"line":49,"column":16},"end":{"line":51,"column":17}},"19":{"start":{"line":54,"column":12},"end":{"line":54,"column":74}},"20":{"start":{"line":55,"column":12},"end":{"line":55,"column":49}},"21":{"start":{"line":60,"column":4},"end":{"line":79,"column":7}},"22":{"start":{"line":62,"column":8},"end":{"line":62,"column":23}},"23":{"start":{"line":63,"column":8},"end":{"line":76,"column":11}},"24":{"start":{"line":64,"column":12},"end":{"line":75,"column":14}},"25":{"start":{"line":65,"column":16},"end":{"line":74,"column":18}},"26":{"start":{"line":66,"column":20},"end":{"line":73,"column":21}},"27":{"start":{"line":67,"column":24},"end":{"line":67,"column":89}},"28":{"start":{"line":68,"column":24},"end":{"line":72,"column":25}},"29":{"start":{"line":70,"column":28},"end":{"line":70,"column":42}},"30":{"start":{"line":78,"column":8},"end":{"line":78,"column":46}},"31":{"start":{"line":86,"column":0},"end":{"line":130,"column":3}},"32":{"start":{"line":87,"column":4},"end":{"line":87,"column":22}},"33":{"start":{"line":88,"column":4},"end":{"line":91,"column":5}},"34":{"start":{"line":93,"column":4},"end":{"line":95,"column":6}},"35":{"start":{"line":94,"column":8},"end":{"line":94,"column":31}},"36":{"start":{"line":97,"column":4},"end":{"line":105,"column":7}},"37":{"start":{"line":98,"column":8},"end":{"line":104,"column":9}},"38":{"start":{"line":99,"column":12},"end":{"line":99,"column":52}},"39":{"start":{"line":101,"column":12},"end":{"line":103,"column":13}},"40":{"start":{"line":107,"column":4},"end":{"line":129,"column":7}},"41":{"start":{"line":109,"column":8},"end":{"line":109,"column":52}},"42":{"start":{"line":110,"column":8},"end":{"line":110,"column":23}},"43":{"start":{"line":111,"column":8},"end":{"line":126,"column":11}},"44":{"start":{"line":112,"column":12},"end":{"line":125,"column":13}},"45":{"start":{"line":113,"column":16},"end":{"line":113,"column":55}},"46":{"start":{"line":115,"column":16},"end":{"line":115,"column":48}},"47":{"start":{"line":117,"column":16},"end":{"line":123,"column":17}},"48":{"start":{"line":118,"column":20},"end":{"line":122,"column":23}},"49":{"start":{"line":119,"column":24},"end":{"line":121,"column":25}},"50":{"start":{"line":120,"column":28},"end":{"line":120,"column":42}},"51":{"start":{"line":124,"column":16},"end":{"line":124,"column":52}}},"branchMap":{"1":{"line":46,"type":"if","locations":[{"start":{"line":46,"column":12},"end":{"line":46,"column":12}},{"start":{"line":46,"column":12},"end":{"line":46,"column":12}}]},"2":{"line":68,"type":"if","locations":[{"start":{"line":68,"column":24},"end":{"line":68,"column":24}},{"start":{"line":68,"column":24},"end":{"line":68,"column":24}}]},"3":{"line":68,"type":"binary-expr","locations":[{"start":{"line":68,"column":27},"end":{"line":68,"column":62}},{"start":{"line":69,"column":27},"end":{"line":69,"column":60}}]},"4":{"line":98,"type":"if","locations":[{"start":{"line":98,"column":8},"end":{"line":98,"column":8}},{"start":{"line":98,"column":8},"end":{"line":98,"column":8}}]},"5":{"line":112,"type":"if","locations":[{"start":{"line":112,"column":12},"end":{"line":112,"column":12}},{"start":{"line":112,"column":12},"end":{"line":112,"column":12}}]},"6":{"line":119,"type":"if","locations":[{"start":{"line":119,"column":24},"end":{"line":119,"column":24}},{"start":{"line":119,"column":24},"end":{"line":119,"column":24}}]},"7":{"line":119,"type":"binary-expr","locations":[{"start":{"line":119,"column":27},"end":{"line":119,"column":71}},{"start":{"line":119,"column":75},"end":{"line":119,"column":117}}]}}}}