TN:
SF:/home/sims08/Desktop/inverted-index/public/src/inverted-index.js
FN:1,(anonymous_1)
FN:11,tokenize
FN:39,createIndex
FN:58,(anonymous_4)
FN:60,(anonymous_5)
FN:128,searchIndex
FN:137,(anonymous_7)
FN:149,(anonymous_8)
FN:155,(anonymous_9)
FN:158,(anonymous_10)
FNF:10
FNH:10
FNDA:1,(anonymous_1)
FNDA:93,tokenize
FNDA:2,createIndex
FNDA:8,(anonymous_4)
FNDA:86,(anonymous_5)
FNDA:1,searchIndex
FNDA:6,(anonymous_7)
FNDA:7,(anonymous_8)
FNDA:7,(anonymous_9)
FNDA:6,(anonymous_10)
DA:1,1
DA:11,1
DA:15,93
DA:17,93
DA:39,1
DA:53,2
DA:54,2
DA:58,2
DA:60,8
DA:62,86
DA:65,86
DA:67,24
DA:69,18
DA:71,6
DA:78,62
DA:80,62
DA:89,2
DA:90,4
DA:94,4
DA:95,4
DA:100,4
DA:103,4
DA:107,4
DA:109,4
DA:114,2
DA:128,1
DA:129,1
DA:130,1
DA:131,1
DA:132,1
DA:133,1
DA:137,1
DA:138,6
DA:139,5
DA:140,4
DA:142,1
DA:147,1
DA:149,1
DA:150,7
DA:151,7
DA:154,7
DA:155,7
DA:156,7
DA:158,5
DA:160,6
DA:162,6
DA:163,2
DA:170,7
DA:176,1
DA:185,1
LF:50
LH:50
BRDA:65,1,0,24
BRDA:65,1,1,62
BRDA:67,2,0,18
BRDA:67,2,1,6
BRDA:139,3,0,4
BRDA:139,3,1,1
BRDA:139,4,0,5
BRDA:139,4,1,4
BRDA:154,5,0,7
BRDA:154,5,1,0
BRDA:156,6,0,5
BRDA:156,6,1,2
BRDA:162,7,0,2
BRDA:162,7,1,4
BRF:14
BRH:13
end_of_record
