{"/home/sims08/Desktop/inverted-index/public/src/inverted-index.js":{"path":"/home/sims08/Desktop/inverted-index/public/src/inverted-index.js","s":{"1":1,"2":1,"3":0,"4":0,"5":1,"6":0,"7":0,"8":0,"9":0,"10":0,"11":0,"12":0,"13":0,"14":0,"15":0,"16":0,"17":0,"18":0,"19":0,"20":0,"21":0,"22":0,"23":0,"24":0,"25":0,"26":1,"27":0,"28":0,"29":0,"30":0,"31":0,"32":0,"33":0,"34":0,"35":0,"36":0,"37":0,"38":0,"39":0,"40":0,"41":0,"42":0,"43":0,"44":0,"45":0,"46":0,"47":0,"48":0,"49":0,"50":0},"b":{"1":[0,0],"2":[0,0],"3":[0,0],"4":[0,0],"5":[0,0],"6":[0,0],"7":[0,0]},"f":{"1":0,"2":0,"3":0,"4":0,"5":0,"6":0,"7":0,"8":0,"9":0,"10":0},"fnMap":{"1":{"name":"(anonymous_1)","line":1,"loc":{"start":{"line":1,"column":16},"end":{"line":1,"column":27}}},"2":{"name":"tokenize","line":11,"loc":{"start":{"line":11,"column":8},"end":{"line":11,"column":34}}},"3":{"name":"createIndex","line":39,"loc":{"start":{"line":39,"column":8},"end":{"line":39,"column":45}}},"4":{"name":"(anonymous_4)","line":58,"loc":{"start":{"line":58,"column":27},"end":{"line":58,"column":74}}},"5":{"name":"(anonymous_5)","line":60,"loc":{"start":{"line":60,"column":46},"end":{"line":60,"column":63}}},"6":{"name":"searchIndex","line":128,"loc":{"start":{"line":128,"column":8},"end":{"line":128,"column":54}}},"7":{"name":"(anonymous_7)","line":137,"loc":{"start":{"line":137,"column":34},"end":{"line":137,"column":49}}},"8":{"name":"(anonymous_8)","line":149,"loc":{"start":{"line":149,"column":37},"end":{"line":149,"column":52}}},"9":{"name":"(anonymous_9)","line":155,"loc":{"start":{"line":155,"column":48},"end":{"line":155,"column":63}}},"10":{"name":"(anonymous_10)","line":158,"loc":{"start":{"line":158,"column":97},"end":{"line":158,"column":111}}}},"statementMap":{"1":{"start":{"line":1,"column":0},"end":{"line":189,"column":5}},"2":{"start":{"line":11,"column":8},"end":{"line":18,"column":9}},"3":{"start":{"line":15,"column":12},"end":{"line":15,"column":83}},"4":{"start":{"line":17,"column":12},"end":{"line":17,"column":28}},"5":{"start":{"line":39,"column":8},"end":{"line":118,"column":9}},"6":{"start":{"line":53,"column":12},"end":{"line":53,"column":27}},"7":{"start":{"line":54,"column":12},"end":{"line":54,"column":47}},"8":{"start":{"line":58,"column":12},"end":{"line":86,"column":13}},"9":{"start":{"line":60,"column":24},"end":{"line":85,"column":27}},"10":{"start":{"line":62,"column":28},"end":{"line":62,"column":60}},"11":{"start":{"line":65,"column":28},"end":{"line":84,"column":29}},"12":{"start":{"line":67,"column":32},"end":{"line":75,"column":33}},"13":{"start":{"line":69,"column":36},"end":{"line":69,"column":77}},"14":{"start":{"line":71,"column":35},"end":{"line":74,"column":37}},"15":{"start":{"line":78,"column":32},"end":{"line":78,"column":53}},"16":{"start":{"line":80,"column":32},"end":{"line":83,"column":34}},"17":{"start":{"line":89,"column":12},"end":{"line":110,"column":13}},"18":{"start":{"line":90,"column":16},"end":{"line":90,"column":43}},"19":{"start":{"line":94,"column":16},"end":{"line":94,"column":38}},"20":{"start":{"line":95,"column":16},"end":{"line":95,"column":37}},"21":{"start":{"line":100,"column":16},"end":{"line":100,"column":62}},"22":{"start":{"line":103,"column":16},"end":{"line":103,"column":68}},"23":{"start":{"line":107,"column":16},"end":{"line":107,"column":60}},"24":{"start":{"line":109,"column":16},"end":{"line":109,"column":66}},"25":{"start":{"line":114,"column":12},"end":{"line":117,"column":15}},"26":{"start":{"line":128,"column":8},"end":{"line":181,"column":9}},"27":{"start":{"line":129,"column":16},"end":{"line":129,"column":38}},"28":{"start":{"line":130,"column":16},"end":{"line":130,"column":31}},"29":{"start":{"line":131,"column":16},"end":{"line":131,"column":33}},"30":{"start":{"line":132,"column":16},"end":{"line":132,"column":41}},"31":{"start":{"line":133,"column":16},"end":{"line":133,"column":56}},"32":{"start":{"line":137,"column":16},"end":{"line":145,"column":17}},"33":{"start":{"line":138,"column":20},"end":{"line":144,"column":21}},"34":{"start":{"line":139,"column":24},"end":{"line":143,"column":25}},"35":{"start":{"line":140,"column":28},"end":{"line":140,"column":40}},"36":{"start":{"line":142,"column":28},"end":{"line":142,"column":41}},"37":{"start":{"line":147,"column":16},"end":{"line":147,"column":55}},"38":{"start":{"line":149,"column":16},"end":{"line":173,"column":19}},"39":{"start":{"line":150,"column":24},"end":{"line":150,"column":57}},"40":{"start":{"line":151,"column":24},"end":{"line":151,"column":39}},"41":{"start":{"line":154,"column":24},"end":{"line":172,"column":25}},"42":{"start":{"line":155,"column":28},"end":{"line":167,"column":31}},"43":{"start":{"line":156,"column":32},"end":{"line":166,"column":33}},"44":{"start":{"line":158,"column":36},"end":{"line":165,"column":39}},"45":{"start":{"line":160,"column":40},"end":{"line":160,"column":100}},"46":{"start":{"line":162,"column":40},"end":{"line":164,"column":41}},"47":{"start":{"line":163,"column":44},"end":{"line":163,"column":73}},"48":{"start":{"line":170,"column":28},"end":{"line":170,"column":52}},"49":{"start":{"line":176,"column":16},"end":{"line":178,"column":19}},"50":{"start":{"line":185,"column":4},"end":{"line":188,"column":5}}},"branchMap":{"1":{"line":65,"type":"if","locations":[{"start":{"line":65,"column":28},"end":{"line":65,"column":28}},{"start":{"line":65,"column":28},"end":{"line":65,"column":28}}]},"2":{"line":67,"type":"if","locations":[{"start":{"line":67,"column":32},"end":{"line":67,"column":32}},{"start":{"line":67,"column":32},"end":{"line":67,"column":32}}]},"3":{"line":139,"type":"if","locations":[{"start":{"line":139,"column":24},"end":{"line":139,"column":24}},{"start":{"line":139,"column":24},"end":{"line":139,"column":24}}]},"4":{"line":139,"type":"binary-expr","locations":[{"start":{"line":139,"column":27},"end":{"line":139,"column":78}},{"start":{"line":139,"column":82},"end":{"line":139,"column":131}}]},"5":{"line":154,"type":"if","locations":[{"start":{"line":154,"column":24},"end":{"line":154,"column":24}},{"start":{"line":154,"column":24},"end":{"line":154,"column":24}}]},"6":{"line":156,"type":"if","locations":[{"start":{"line":156,"column":32},"end":{"line":156,"column":32}},{"start":{"line":156,"column":32},"end":{"line":156,"column":32}}]},"7":{"line":162,"type":"if","locations":[{"start":{"line":162,"column":40},"end":{"line":162,"column":40}},{"start":{"line":162,"column":40},"end":{"line":162,"column":40}}]}}}}