TN:
SF:/home/sims08/Desktop/inverted-index/public/src/inverted-index.js
FN:1,(anonymous_1)
FN:11,tokenize
FN:39,createIndex
FN:58,(anonymous_4)
FN:60,(anonymous_5)
FN:128,searchIndex
FN:137,(anonymous_7)
FN:149,(anonymous_8)
FN:155,(anonymous_9)
FN:158,(anonymous_10)
FNF:10
FNH:0
FNDA:0,(anonymous_1)
FNDA:0,tokenize
FNDA:0,createIndex
FNDA:0,(anonymous_4)
FNDA:0,(anonymous_5)
FNDA:0,searchIndex
FNDA:0,(anonymous_7)
FNDA:0,(anonymous_8)
FNDA:0,(anonymous_9)
FNDA:0,(anonymous_10)
DA:1,1
DA:11,1
DA:15,0
DA:17,0
DA:39,1
DA:53,0
DA:54,0
DA:58,0
DA:60,0
DA:62,0
DA:65,0
DA:67,0
DA:69,0
DA:71,0
DA:78,0
DA:80,0
DA:89,0
DA:90,0
DA:94,0
DA:95,0
DA:100,0
DA:103,0
DA:107,0
DA:109,0
DA:114,0
DA:128,1
DA:129,0
DA:130,0
DA:131,0
DA:132,0
DA:133,0
DA:137,0
DA:138,0
DA:139,0
DA:140,0
DA:142,0
DA:147,0
DA:149,0
DA:150,0
DA:151,0
DA:154,0
DA:155,0
DA:156,0
DA:158,0
DA:160,0
DA:162,0
DA:163,0
DA:170,0
DA:176,0
DA:185,0
LF:50
LH:4
BRDA:65,1,0,0
BRDA:65,1,1,0
BRDA:67,2,0,0
BRDA:67,2,1,0
BRDA:139,3,0,0
BRDA:139,3,1,0
BRDA:139,4,0,0
BRDA:139,4,1,0
BRDA:154,5,0,0
BRDA:154,5,1,0
BRDA:156,6,0,0
BRDA:156,6,1,0
BRDA:162,7,0,0
BRDA:162,7,1,0
BRF:14
BRH:0
end_of_record
